# JRE version: OpenJDK Runtime Environment Temurin-21.0.6+7 (21.0.6+7) (build 21.0.6+7-LTS)
# Java VM: OpenJDK 64-Bit Server VM Temurin-21.0.6+7 (21.0.6+7-LTS, mixed mode, sharing, tiered, compressed oops, compressed class ptrs, parallel gc, windows-amd64)
GC Precious Log:
 CardTable entry size: 512
 CPUs: 2 total, 2 available
 Memory: 3916M
 Large Page Support: Disabled
 NUMA Support: Disabled
 Compressed Oops: Enabled (32-bit)
 Alignments: Space 512K, Generation 512K, Heap 2M
 Heap Min Capacity: 100M
 Heap Initial Capacity: 100M
 Heap Max Capacity: 1G
 Pre-touch: Disabled
 Parallel Workers: 2
Heap:
 PSYoungGen      total 2048K, used 2048K [0x00000000eab00000, 0x00000000eae80000, 0x0000000100000000)
  eden space 1536K, 100% used [0x00000000eab00000,0x00000000eac80000,0x00000000eac80000)
  from space 512K, 100% used [0x00000000eae00000,0x00000000eae80000,0x00000000eae80000)
  to   space 1024K, 0% used [0x00000000ead00000,0x00000000ead00000,0x00000000eae00000)
 ParOldGen       total 479744K, used 479687K [0x00000000c0000000, 0x00000000dd480000, 0x00000000eab00000)
  object space 479744K, 99% used [0x00000000c0000000,0x00000000dd471f90,0x00000000dd480000)
 Metaspace       used 65850K, committed 67328K, reserved 1114112K
  class space    used 6898K, committed 7552K, reserved 1048576K
GC Heap History (20 events):
Event: 220.956 GC heap before
{Heap before GC invocations=345 (full 3):
 PSYoungGen      total 2048K, used 1797K [0x00000000eab00000, 0x00000000eaf00000, 0x0000000100000000)
  eden space 1536K, 98% used [0x00000000eab00000,0x00000000eac79b30,0x00000000eac80000)
  from space 512K, 56% used [0x00000000eae00000,0x00000000eae47b18,0x00000000eae80000)
  to   space 512K, 0% used [0x00000000eae80000,0x00000000eae80000,0x00000000eaf00000)
 ParOldGen       total 422912K, used 422688K [0x00000000c0000000, 0x00000000d9d00000, 0x00000000eab00000)
  object space 422912K, 99% used [0x00000000c0000000,0x00000000d9cc8228,0x00000000d9d00000)
 Metaspace       used 65198K, committed 66752K, reserved 1114112K
  class space    used 6825K, committed 7488K, reserved 1048576K
}
Event: 220.962 GC heap after
{Heap after GC invocations=345 (full 3):
 PSYoungGen      total 2048K, used 382K [0x00000000eab00000, 0x00000000eaf00000, 0x0000000100000000)
  eden space 1536K, 0% used [0x00000000eab00000,0x00000000eab00000,0x00000000eac80000)
  from space 512K, 74% used [0x00000000eae80000,0x00000000eaedf818,0x00000000eaf00000)
  to   space 512K, 0% used [0x00000000eae00000,0x00000000eae00000,0x00000000eae80000)
 ParOldGen       total 423424K, used 422939K [0x00000000c0000000, 0x00000000d9d80000, 0x00000000eab00000)
  object space 423424K, 99% used [0x00000000c0000000,0x00000000d9d06cd0,0x00000000d9d80000)
 Metaspace       used 65198K, committed 66752K, reserved 1114112K
  class space    used 6825K, committed 7488K, reserved 1048576K
}
Event: 221.136 GC heap before
{Heap before GC invocations=346 (full 3):
 PSYoungGen      total 2048K, used 1718K [0x00000000eab00000, 0x00000000eaf00000, 0x0000000100000000)
  eden space 1536K, 87% used [0x00000000eab00000,0x00000000eac4e1d8,0x00000000eac80000)
  from space 512K, 74% used [0x00000000eae80000,0x00000000eaedf818,0x00000000eaf00000)
  to   space 512K, 0% used [0x00000000eae00000,0x00000000eae00000,0x00000000eae80000)
 ParOldGen       total 424960K, used 424261K [0x00000000c0000000, 0x00000000d9f00000, 0x00000000eab00000)
  object space 424960K, 99% used [0x00000000c0000000,0x00000000d9e51450,0x00000000d9f00000)
 Metaspace       used 65303K, committed 66880K, reserved 1114112K
  class space    used 6835K, committed 7488K, reserved 1048576K
}
Event: 221.146 GC heap after
{Heap after GC invocations=346 (full 3):
 PSYoungGen      total 2048K, used 431K [0x00000000eab00000, 0x00000000eaf00000, 0x0000000100000000)
  eden space 1536K, 0% used [0x00000000eab00000,0x00000000eab00000,0x00000000eac80000)
  from space 512K, 84% used [0x00000000eae00000,0x00000000eae6bd90,0x00000000eae80000)
  to   space 512K, 0% used [0x00000000eae80000,0x00000000eae80000,0x00000000eaf00000)
 ParOldGen       total 424960K, used 424601K [0x00000000c0000000, 0x00000000d9f00000, 0x00000000eab00000)
  object space 424960K, 99% used [0x00000000c0000000,0x00000000d9ea6460,0x00000000d9f00000)
 Metaspace       used 65303K, committed 66880K, reserved 1114112K
  class space    used 6835K, committed 7488K, reserved 1048576K
}
Event: 221.244 GC heap before
{Heap before GC invocations=347 (full 3):
 PSYoungGen      total 2048K, used 1967K [0x00000000eab00000, 0x00000000eaf00000, 0x0000000100000000)
  eden space 1536K, 100% used [0x00000000eab00000,0x00000000eac80000,0x00000000eac80000)
  from space 512K, 84% used [0x00000000eae00000,0x00000000eae6bd90,0x00000000eae80000)
  to   space 512K, 0% used [0x00000000eae80000,0x00000000eae80000,0x00000000eaf00000)
 ParOldGen       total 438784K, used 438006K [0x00000000c0000000, 0x00000000dac80000, 0x00000000eab00000)
  object space 438784K, 99% used [0x00000000c0000000,0x00000000dabbd890,0x00000000dac80000)
 Metaspace       used 65310K, committed 66880K, reserved 1114112K
  class space    used 6835K, committed 7488K, reserved 1048576K
}
Event: 221.249 GC heap after
{Heap after GC invocations=347 (full 3):
 PSYoungGen      total 2048K, used 64K [0x00000000eab00000, 0x00000000eaf00000, 0x0000000100000000)
  eden space 1536K, 0% used [0x00000000eab00000,0x00000000eab00000,0x00000000eac80000)
  from space 512K, 12% used [0x00000000eae80000,0x00000000eae90000,0x00000000eaf00000)
  to   space 512K, 0% used [0x00000000eae00000,0x00000000eae00000,0x00000000eae80000)
 ParOldGen       total 438784K, used 438182K [0x00000000c0000000, 0x00000000dac80000, 0x00000000eab00000)
  object space 438784K, 99% used [0x00000000c0000000,0x00000000dabe98a0,0x00000000dac80000)
 Metaspace       used 65310K, committed 66880K, reserved 1114112K
  class space    used 6835K, committed 7488K, reserved 1048576K
}
Event: 221.478 GC heap before
{Heap before GC invocations=348 (full 3):
 PSYoungGen      total 2048K, used 1600K [0x00000000eab00000, 0x00000000eaf00000, 0x0000000100000000)
  eden space 1536K, 100% used [0x00000000eab00000,0x00000000eac80000,0x00000000eac80000)
  from space 512K, 12% used [0x00000000eae80000,0x00000000eae90000,0x00000000eaf00000)
  to   space 512K, 0% used [0x00000000eae00000,0x00000000eae00000,0x00000000eae80000)
 ParOldGen       total 454144K, used 453502K [0x00000000c0000000, 0x00000000dbb80000, 0x00000000eab00000)
  object space 454144K, 99% used [0x00000000c0000000,0x00000000dbadf8b0,0x00000000dbb80000)
 Metaspace       used 65410K, committed 67008K, reserved 1114112K
  class space    used 6838K, committed 7488K, reserved 1048576K
}
Event: 221.483 GC heap after
{Heap after GC invocations=348 (full 3):
 PSYoungGen      total 2048K, used 224K [0x00000000eab00000, 0x00000000eaf00000, 0x0000000100000000)
  eden space 1536K, 0% used [0x00000000eab00000,0x00000000eab00000,0x00000000eac80000)
  from space 512K, 43% used [0x00000000eae00000,0x00000000eae38000,0x00000000eae80000)
  to   space 512K, 0% used [0x00000000eae80000,0x00000000eae80000,0x00000000eaf00000)
 ParOldGen       total 454144K, used 453918K [0x00000000c0000000, 0x00000000dbb80000, 0x00000000eab00000)
  object space 454144K, 99% used [0x00000000c0000000,0x00000000dbb478b0,0x00000000dbb80000)
 Metaspace       used 65410K, committed 67008K, reserved 1114112K
  class space    used 6838K, committed 7488K, reserved 1048576K
}
Event: 221.539 GC heap before
{Heap before GC invocations=349 (full 3):
 PSYoungGen      total 2048K, used 1760K [0x00000000eab00000, 0x00000000eaf00000, 0x0000000100000000)
  eden space 1536K, 100% used [0x00000000eab00000,0x00000000eac80000,0x00000000eac80000)
  from space 512K, 43% used [0x00000000eae00000,0x00000000eae38000,0x00000000eae80000)
  to   space 512K, 0% used [0x00000000eae80000,0x00000000eae80000,0x00000000eaf00000)
 ParOldGen       total 465408K, used 464927K [0x00000000c0000000, 0x00000000dc680000, 0x00000000eab00000)
  object space 465408K, 99% used [0x00000000c0000000,0x00000000dc607e50,0x00000000dc680000)
 Metaspace       used 65577K, committed 67072K, reserved 1114112K
  class space    used 6866K, committed 7488K, reserved 1048576K
}
Event: 221.543 GC heap after
{Heap after GC invocations=349 (full 3):
 PSYoungGen      total 2048K, used 64K [0x00000000eab00000, 0x00000000eaf00000, 0x0000000100000000)
  eden space 1536K, 0% used [0x00000000eab00000,0x00000000eab00000,0x00000000eac80000)
  from space 512K, 12% used [0x00000000eae80000,0x00000000eae90000,0x00000000eaf00000)
  to   space 512K, 0% used [0x00000000eae00000,0x00000000eae00000,0x00000000eae80000)
 ParOldGen       total 465408K, used 465118K [0x00000000c0000000, 0x00000000dc680000, 0x00000000eab00000)
  object space 465408K, 99% used [0x00000000c0000000,0x00000000dc6379b0,0x00000000dc680000)
 Metaspace       used 65577K, committed 67072K, reserved 1114112K
  class space    used 6866K, committed 7488K, reserved 1048576K
}
Event: 221.672 GC heap before
{Heap before GC invocations=350 (full 3):
 PSYoungGen      total 2048K, used 1599K [0x00000000eab00000, 0x00000000eaf00000, 0x0000000100000000)
  eden space 1536K, 99% used [0x00000000eab00000,0x00000000eac7ffd8,0x00000000eac80000)
  from space 512K, 12% used [0x00000000eae80000,0x00000000eae90000,0x00000000eaf00000)
  to   space 512K, 0% used [0x00000000eae00000,0x00000000eae00000,0x00000000eae80000)
 ParOldGen       total 476672K, used 476127K [0x00000000c0000000, 0x00000000dd180000, 0x00000000eab00000)
  object space 476672K, 99% used [0x00000000c0000000,0x00000000dd0f7f50,0x00000000dd180000)
 Metaspace       used 65754K, committed 67264K, reserved 1114112K
  class space    used 6889K, committed 7552K, reserved 1048576K
}
Event: 221.684 GC heap after
{Heap after GC invocations=350 (full 3):
 PSYoungGen      total 2048K, used 192K [0x00000000eab00000, 0x00000000eaf00000, 0x0000000100000000)
  eden space 1536K, 0% used [0x00000000eab00000,0x00000000eab00000,0x00000000eac80000)
  from space 512K, 37% used [0x00000000eae00000,0x00000000eae30000,0x00000000eae80000)
  to   space 512K, 0% used [0x00000000eae80000,0x00000000eae80000,0x00000000eaf00000)
 ParOldGen       total 476672K, used 476151K [0x00000000c0000000, 0x00000000dd180000, 0x00000000eab00000)
  object space 476672K, 99% used [0x00000000c0000000,0x00000000dd0fdf50,0x00000000dd180000)
 Metaspace       used 65754K, committed 67264K, reserved 1114112K
  class space    used 6889K, committed 7552K, reserved 1048576K
}
Event: 221.879 GC heap before
{Heap before GC invocations=351 (full 3):
 PSYoungGen      total 2048K, used 1728K [0x00000000eab00000, 0x00000000eaf00000, 0x0000000100000000)
  eden space 1536K, 100% used [0x00000000eab00000,0x00000000eac80000,0x00000000eac80000)
  from space 512K, 37% used [0x00000000eae00000,0x00000000eae30000,0x00000000eae80000)
  to   space 512K, 0% used [0x00000000eae80000,0x00000000eae80000,0x00000000eaf00000)
 ParOldGen       total 476672K, used 476151K [0x00000000c0000000, 0x00000000dd180000, 0x00000000eab00000)
  object space 476672K, 99% used [0x00000000c0000000,0x00000000dd0fdf50,0x00000000dd180000)
 Metaspace       used 65803K, committed 67328K, reserved 1114112K
  class space    used 6896K, committed 7552K, reserved 1048576K
}
Event: 221.885 GC heap after
{Heap after GC invocations=351 (full 3):
 PSYoungGen      total 2048K, used 512K [0x00000000eab00000, 0x00000000eaf80000, 0x0000000100000000)
  eden space 1536K, 0% used [0x00000000eab00000,0x00000000eab00000,0x00000000eac80000)
  from space 512K, 100% used [0x00000000eae80000,0x00000000eaf00000,0x00000000eaf00000)
  to   space 1536K, 0% used [0x00000000eac80000,0x00000000eac80000,0x00000000eae00000)
 ParOldGen       total 476672K, used 476591K [0x00000000c0000000, 0x00000000dd180000, 0x00000000eab00000)
  object space 476672K, 99% used [0x00000000c0000000,0x00000000dd16bf50,0x00000000dd180000)
 Metaspace       used 65803K, committed 67328K, reserved 1114112K
  class space    used 6896K, committed 7552K, reserved 1048576K
}
Event: 221.988 GC heap before
{Heap before GC invocations=352 (full 3):
 PSYoungGen      total 2048K, used 2048K [0x00000000eab00000, 0x00000000eaf80000, 0x0000000100000000)
  eden space 1536K, 100% used [0x00000000eab00000,0x00000000eac80000,0x00000000eac80000)
  from space 512K, 100% used [0x00000000eae80000,0x00000000eaf00000,0x00000000eaf00000)
  to   space 1536K, 0% used [0x00000000eac80000,0x00000000eac80000,0x00000000eae00000)
 ParOldGen       total 476672K, used 476591K [0x00000000c0000000, 0x00000000dd180000, 0x00000000eab00000)
  object space 476672K, 99% used [0x00000000c0000000,0x00000000dd16bf50,0x00000000dd180000)
 Metaspace       used 65811K, committed 67328K, reserved 1114112K
  class space    used 6896K, committed 7552K, reserved 1048576K
}
Event: 221.994 GC heap after
{Heap after GC invocations=352 (full 3):
 PSYoungGen      total 3072K, used 832K [0x00000000eab00000, 0x00000000eaf00000, 0x0000000100000000)
  eden space 1536K, 0% used [0x00000000eab00000,0x00000000eab00000,0x00000000eac80000)
  from space 1536K, 54% used [0x00000000eac80000,0x00000000ead50000,0x00000000eae00000)
  to   space 1024K, 0% used [0x00000000eae00000,0x00000000eae00000,0x00000000eaf00000)
 ParOldGen       total 477184K, used 477095K [0x00000000c0000000, 0x00000000dd200000, 0x00000000eab00000)
  object space 477184K, 99% used [0x00000000c0000000,0x00000000dd1e9f50,0x00000000dd200000)
 Metaspace       used 65811K, committed 67328K, reserved 1114112K
  class space    used 6896K, committed 7552K, reserved 1048576K
}
Event: 222.099 GC heap before
{Heap before GC invocations=353 (full 3):
 PSYoungGen      total 3072K, used 2368K [0x00000000eab00000, 0x00000000eaf00000, 0x0000000100000000)
  eden space 1536K, 100% used [0x00000000eab00000,0x00000000eac80000,0x00000000eac80000)
  from space 1536K, 54% used [0x00000000eac80000,0x00000000ead50000,0x00000000eae00000)
  to   space 1024K, 0% used [0x00000000eae00000,0x00000000eae00000,0x00000000eaf00000)
 ParOldGen       total 477184K, used 477095K [0x00000000c0000000, 0x00000000dd200000, 0x00000000eab00000)
  object space 477184K, 99% used [0x00000000c0000000,0x00000000dd1e9f50,0x00000000dd200000)
 Metaspace       used 65822K, committed 67328K, reserved 1114112K
  class space    used 6896K, committed 7552K, reserved 1048576K
}
Event: 222.105 GC heap after
{Heap after GC invocations=353 (full 3):
 PSYoungGen      total 2560K, used 640K [0x00000000eab00000, 0x00000000eaf00000, 0x0000000100000000)
  eden space 1536K, 0% used [0x00000000eab00000,0x00000000eab00000,0x00000000eac80000)
  from space 1024K, 62% used [0x00000000eae00000,0x00000000eaea0020,0x00000000eaf00000)
  to   space 1024K, 0% used [0x00000000ead00000,0x00000000ead00000,0x00000000eae00000)
 ParOldGen       total 478208K, used 477927K [0x00000000c0000000, 0x00000000dd300000, 0x00000000eab00000)
  object space 478208K, 99% used [0x00000000c0000000,0x00000000dd2b9f60,0x00000000dd300000)
 Metaspace       used 65822K, committed 67328K, reserved 1114112K
  class space    used 6896K, committed 7552K, reserved 1048576K
}
Event: 222.384 GC heap before
{Heap before GC invocations=354 (full 3):
 PSYoungGen      total 2560K, used 2176K [0x00000000eab00000, 0x00000000eaf00000, 0x0000000100000000)
  eden space 1536K, 99% used [0x00000000eab00000,0x00000000eac7fff0,0x00000000eac80000)
  from space 1024K, 62% used [0x00000000eae00000,0x00000000eaea0020,0x00000000eaf00000)
  to   space 1024K, 0% used [0x00000000ead00000,0x00000000ead00000,0x00000000eae00000)
 ParOldGen       total 478208K, used 477927K [0x00000000c0000000, 0x00000000dd300000, 0x00000000eab00000)
  object space 478208K, 99% used [0x00000000c0000000,0x00000000dd2b9f60,0x00000000dd300000)
 Metaspace       used 65837K, committed 67328K, reserved 1114112K
  class space    used 6898K, committed 7552K, reserved 1048576K
}
Event: 222.398 GC heap after
{Heap after GC invocations=354 (full 3):
 PSYoungGen      total 2560K, used 752K [0x00000000eab00000, 0x00000000eae80000, 0x0000000100000000)
  eden space 1536K, 0% used [0x00000000eab00000,0x00000000eab00000,0x00000000eac80000)
  from space 1024K, 73% used [0x00000000ead00000,0x00000000eadbc010,0x00000000eae00000)
  to   space 512K, 0% used [0x00000000eae00000,0x00000000eae00000,0x00000000eae80000)
 ParOldGen       total 478720K, used 478447K [0x00000000c0000000, 0x00000000dd380000, 0x00000000eab00000)
  object space 478720K, 99% used [0x00000000c0000000,0x00000000dd33bf60,0x00000000dd380000)
 Metaspace       used 65837K, committed 67328K, reserved 1114112K
  class space    used 6898K, committed 7552K, reserved 1048576K
}

