# JRE version: OpenJDK Runtime Environment Temurin-21.0.6+7 (21.0.6+7) (build 21.0.6+7-LTS)
# Java VM: OpenJDK 64-Bit Server VM Temurin-21.0.6+7 (21.0.6+7-LTS, mixed mode, sharing, tiered, compressed oops, compressed class ptrs, parallel gc, windows-amd64)
GC Precious Log:
 CardTable entry size: 512
 CPUs: 2 total, 2 available
 Memory: 3916M
 Large Page Support: Disabled
 NUMA Support: Disabled
 Compressed Oops: Enabled (32-bit)
 Alignments: Space 512K, Generation 512K, Heap 2M
 Heap Min Capacity: 100M
 Heap Initial Capacity: 100M
 Heap Max Capacity: 1G
 Pre-touch: Disabled
 Parallel Workers: 2
Heap:
 PSYoungGen      total 5632K, used 3696K [0x00000000eab00000, 0x00000000eb580000, 0x0000000100000000)
  eden space 5120K, 67% used [0x00000000eab00000,0x00000000eae62f68,0x00000000eb000000)
  from space 512K, 44% used [0x00000000eb500000,0x00000000eb539448,0x00000000eb580000)
  to   space 512K, 0% used [0x00000000eb480000,0x00000000eb480000,0x00000000eb500000)
 ParOldGen       total 413184K, used 412993K [0x00000000c0000000, 0x00000000d9380000, 0x00000000eab00000)
  object space 413184K, 99% used [0x00000000c0000000,0x00000000d9350740,0x00000000d9380000)
 Metaspace       used 70665K, committed 72192K, reserved 1114112K
  class space    used 7452K, committed 8064K, reserved 1048576K
GC Heap History (20 events):
Event: 83.703 GC heap before
{Heap before GC invocations=290 (full 3):
 PSYoungGen      total 3072K, used 3046K [0x00000000eab00000, 0x00000000eb500000, 0x0000000100000000)
  eden space 2048K, 100% used [0x00000000eab00000,0x00000000ead00000,0x00000000ead00000)
  from space 1024K, 97% used [0x00000000eb100000,0x00000000eb1f9b28,0x00000000eb200000)
  to   space 4096K, 0% used [0x00000000ead00000,0x00000000ead00000,0x00000000eb100000)
 ParOldGen       total 401920K, used 401415K [0x00000000c0000000, 0x00000000d8880000, 0x00000000eab00000)
  object space 401920K, 99% used [0x00000000c0000000,0x00000000d8801f18,0x00000000d8880000)
 Metaspace       used 67794K, committed 69312K, reserved 1114112K
  class space    used 7064K, committed 7680K, reserved 1048576K
}
Event: 83.720 GC heap after
{Heap after GC invocations=290 (full 3):
 PSYoungGen      total 4096K, used 1984K [0x00000000eab00000, 0x00000000eb200000, 0x0000000100000000)
  eden space 2048K, 0% used [0x00000000eab00000,0x00000000eab00000,0x00000000ead00000)
  from space 2048K, 96% used [0x00000000ead00000,0x00000000eaef0000,0x00000000eaf00000)
  to   space 2560K, 0% used [0x00000000eaf80000,0x00000000eaf80000,0x00000000eb200000)
 ParOldGen       total 402432K, used 402430K [0x00000000c0000000, 0x00000000d8900000, 0x00000000eab00000)
  object space 402432K, 99% used [0x00000000c0000000,0x00000000d88ffa40,0x00000000d8900000)
 Metaspace       used 67794K, committed 69312K, reserved 1114112K
  class space    used 7064K, committed 7680K, reserved 1048576K
}
Event: 83.896 GC heap before
{Heap before GC invocations=291 (full 3):
 PSYoungGen      total 4096K, used 4026K [0x00000000eab00000, 0x00000000eb200000, 0x0000000100000000)
  eden space 2048K, 99% used [0x00000000eab00000,0x00000000eacfe890,0x00000000ead00000)
  from space 2048K, 96% used [0x00000000ead00000,0x00000000eaef0000,0x00000000eaf00000)
  to   space 2560K, 0% used [0x00000000eaf80000,0x00000000eaf80000,0x00000000eb200000)
 ParOldGen       total 402432K, used 402430K [0x00000000c0000000, 0x00000000d8900000, 0x00000000eab00000)
  object space 402432K, 99% used [0x00000000c0000000,0x00000000d88ffa40,0x00000000d8900000)
 Metaspace       used 67873K, committed 69312K, reserved 1114112K
  class space    used 7072K, committed 7680K, reserved 1048576K
}
Event: 83.911 GC heap after
{Heap after GC invocations=291 (full 3):
 PSYoungGen      total 3072K, used 896K [0x00000000eab00000, 0x00000000eb080000, 0x0000000100000000)
  eden space 2048K, 0% used [0x00000000eab00000,0x00000000eab00000,0x00000000ead00000)
  from space 1024K, 87% used [0x00000000eaf80000,0x00000000eb060020,0x00000000eb080000)
  to   space 1536K, 0% used [0x00000000ead80000,0x00000000ead80000,0x00000000eaf00000)
 ParOldGen       total 404480K, used 404406K [0x00000000c0000000, 0x00000000d8b00000, 0x00000000eab00000)
  object space 404480K, 99% used [0x00000000c0000000,0x00000000d8aeda40,0x00000000d8b00000)
 Metaspace       used 67873K, committed 69312K, reserved 1114112K
  class space    used 7072K, committed 7680K, reserved 1048576K
}
Event: 83.926 GC heap before
{Heap before GC invocations=292 (full 3):
 PSYoungGen      total 3072K, used 2944K [0x00000000eab00000, 0x00000000eb080000, 0x0000000100000000)
  eden space 2048K, 100% used [0x00000000eab00000,0x00000000ead00000,0x00000000ead00000)
  from space 1024K, 87% used [0x00000000eaf80000,0x00000000eb060020,0x00000000eb080000)
  to   space 1536K, 0% used [0x00000000ead80000,0x00000000ead80000,0x00000000eaf00000)
 ParOldGen       total 404480K, used 404406K [0x00000000c0000000, 0x00000000d8b00000, 0x00000000eab00000)
  object space 404480K, 99% used [0x00000000c0000000,0x00000000d8aeda40,0x00000000d8b00000)
 Metaspace       used 67891K, committed 69312K, reserved 1114112K
  class space    used 7077K, committed 7680K, reserved 1048576K
}
Event: 83.942 GC heap after
{Heap after GC invocations=292 (full 3):
 PSYoungGen      total 4096K, used 1510K [0x00000000eab00000, 0x00000000eb380000, 0x0000000100000000)
  eden space 2560K, 0% used [0x00000000eab00000,0x00000000eab00000,0x00000000ead80000)
  from space 1536K, 98% used [0x00000000ead80000,0x00000000eaef9b28,0x00000000eaf00000)
  to   space 3072K, 0% used [0x00000000eb080000,0x00000000eb080000,0x00000000eb380000)
 ParOldGen       total 406016K, used 405595K [0x00000000c0000000, 0x00000000d8c80000, 0x00000000eab00000)
  object space 406016K, 99% used [0x00000000c0000000,0x00000000d8c16fc8,0x00000000d8c80000)
 Metaspace       used 67891K, committed 69312K, reserved 1114112K
  class space    used 7077K, committed 7680K, reserved 1048576K
}
Event: 83.969 GC heap before
{Heap before GC invocations=293 (full 3):
 PSYoungGen      total 4096K, used 4070K [0x00000000eab00000, 0x00000000eb380000, 0x0000000100000000)
  eden space 2560K, 100% used [0x00000000eab00000,0x00000000ead80000,0x00000000ead80000)
  from space 1536K, 98% used [0x00000000ead80000,0x00000000eaef9b28,0x00000000eaf00000)
  to   space 3072K, 0% used [0x00000000eb080000,0x00000000eb080000,0x00000000eb380000)
 ParOldGen       total 406016K, used 405595K [0x00000000c0000000, 0x00000000d8c80000, 0x00000000eab00000)
  object space 406016K, 99% used [0x00000000c0000000,0x00000000d8c16fc8,0x00000000d8c80000)
 Metaspace       used 67931K, committed 69376K, reserved 1114112K
  class space    used 7081K, committed 7680K, reserved 1048576K
}
Event: 83.991 GC heap after
{Heap after GC invocations=293 (full 3):
 PSYoungGen      total 5632K, used 2317K [0x00000000eab00000, 0x00000000eb300000, 0x0000000100000000)
  eden space 3072K, 0% used [0x00000000eab00000,0x00000000eab00000,0x00000000eae00000)
  from space 2560K, 90% used [0x00000000eb080000,0x00000000eb2c3650,0x00000000eb300000)
  to   space 2560K, 0% used [0x00000000eae00000,0x00000000eae00000,0x00000000eb080000)
 ParOldGen       total 407552K, used 407122K [0x00000000c0000000, 0x00000000d8e00000, 0x00000000eab00000)
  object space 407552K, 99% used [0x00000000c0000000,0x00000000d8d94af0,0x00000000d8e00000)
 Metaspace       used 67931K, committed 69376K, reserved 1114112K
  class space    used 7081K, committed 7680K, reserved 1048576K
}
Event: 84.004 GC heap before
{Heap before GC invocations=294 (full 3):
 PSYoungGen      total 5632K, used 5389K [0x00000000eab00000, 0x00000000eb300000, 0x0000000100000000)
  eden space 3072K, 100% used [0x00000000eab00000,0x00000000eae00000,0x00000000eae00000)
  from space 2560K, 90% used [0x00000000eb080000,0x00000000eb2c3650,0x00000000eb300000)
  to   space 2560K, 0% used [0x00000000eae00000,0x00000000eae00000,0x00000000eb080000)
 ParOldGen       total 407552K, used 407122K [0x00000000c0000000, 0x00000000d8e00000, 0x00000000eab00000)
  object space 407552K, 99% used [0x00000000c0000000,0x00000000d8d94af0,0x00000000d8e00000)
 Metaspace       used 67931K, committed 69376K, reserved 1114112K
  class space    used 7081K, committed 7680K, reserved 1048576K
}
Event: 84.031 GC heap after
{Heap after GC invocations=294 (full 3):
 PSYoungGen      total 5632K, used 2560K [0x00000000eab00000, 0x00000000ebb00000, 0x0000000100000000)
  eden space 3072K, 0% used [0x00000000eab00000,0x00000000eab00000,0x00000000eae00000)
  from space 2560K, 100% used [0x00000000eae00000,0x00000000eb080000,0x00000000eb080000)
  to   space 6144K, 0% used [0x00000000eb500000,0x00000000eb500000,0x00000000ebb00000)
 ParOldGen       total 410112K, used 409896K [0x00000000c0000000, 0x00000000d9080000, 0x00000000eab00000)
  object space 410112K, 99% used [0x00000000c0000000,0x00000000d904a140,0x00000000d9080000)
 Metaspace       used 67931K, committed 69376K, reserved 1114112K
  class space    used 7081K, committed 7680K, reserved 1048576K
}
Event: 84.260 GC heap before
{Heap before GC invocations=295 (full 3):
 PSYoungGen      total 5632K, used 5632K [0x00000000eab00000, 0x00000000ebb00000, 0x0000000100000000)
  eden space 3072K, 100% used [0x00000000eab00000,0x00000000eae00000,0x00000000eae00000)
  from space 2560K, 100% used [0x00000000eae00000,0x00000000eb080000,0x00000000eb080000)
  to   space 6144K, 0% used [0x00000000eb500000,0x00000000eb500000,0x00000000ebb00000)
 ParOldGen       total 410112K, used 409896K [0x00000000c0000000, 0x00000000d9080000, 0x00000000eab00000)
  object space 410112K, 99% used [0x00000000c0000000,0x00000000d904a140,0x00000000d9080000)
 Metaspace       used 68361K, committed 69824K, reserved 1114112K
  class space    used 7118K, committed 7744K, reserved 1048576K
}
Event: 84.276 GC heap after
{Heap after GC invocations=295 (full 3):
 PSYoungGen      total 4608K, used 337K [0x00000000eab00000, 0x00000000eb580000, 0x0000000100000000)
  eden space 4096K, 0% used [0x00000000eab00000,0x00000000eab00000,0x00000000eaf00000)
  from space 512K, 65% used [0x00000000eb500000,0x00000000eb5545d0,0x00000000eb580000)
  to   space 2560K, 0% used [0x00000000eb080000,0x00000000eb080000,0x00000000eb300000)
 ParOldGen       total 412672K, used 412480K [0x00000000c0000000, 0x00000000d9300000, 0x00000000eab00000)
  object space 412672K, 99% used [0x00000000c0000000,0x00000000d92d0140,0x00000000d9300000)
 Metaspace       used 68361K, committed 69824K, reserved 1114112K
  class space    used 7118K, committed 7744K, reserved 1048576K
}
Event: 84.427 GC heap before
{Heap before GC invocations=296 (full 3):
 PSYoungGen      total 4608K, used 4433K [0x00000000eab00000, 0x00000000eb580000, 0x0000000100000000)
  eden space 4096K, 100% used [0x00000000eab00000,0x00000000eaf00000,0x00000000eaf00000)
  from space 512K, 65% used [0x00000000eb500000,0x00000000eb5545d0,0x00000000eb580000)
  to   space 2560K, 0% used [0x00000000eb080000,0x00000000eb080000,0x00000000eb300000)
 ParOldGen       total 412672K, used 412480K [0x00000000c0000000, 0x00000000d9300000, 0x00000000eab00000)
  object space 412672K, 99% used [0x00000000c0000000,0x00000000d92d0140,0x00000000d9300000)
 Metaspace       used 68801K, committed 70272K, reserved 1114112K
  class space    used 7178K, committed 7808K, reserved 1048576K
}
Event: 84.434 GC heap after
{Heap after GC invocations=296 (full 3):
 PSYoungGen      total 7680K, used 96K [0x00000000eab00000, 0x00000000eb580000, 0x0000000100000000)
  eden space 5120K, 0% used [0x00000000eab00000,0x00000000eab00000,0x00000000eb000000)
  from space 2560K, 3% used [0x00000000eb080000,0x00000000eb098000,0x00000000eb300000)
  to   space 512K, 0% used [0x00000000eb500000,0x00000000eb500000,0x00000000eb580000)
 ParOldGen       total 413184K, used 412777K [0x00000000c0000000, 0x00000000d9380000, 0x00000000eab00000)
  object space 413184K, 99% used [0x00000000c0000000,0x00000000d931a710,0x00000000d9380000)
 Metaspace       used 68801K, committed 70272K, reserved 1114112K
  class space    used 7178K, committed 7808K, reserved 1048576K
}
Event: 84.727 GC heap before
{Heap before GC invocations=297 (full 3):
 PSYoungGen      total 7680K, used 5216K [0x00000000eab00000, 0x00000000eb580000, 0x0000000100000000)
  eden space 5120K, 100% used [0x00000000eab00000,0x00000000eb000000,0x00000000eb000000)
  from space 2560K, 3% used [0x00000000eb080000,0x00000000eb098000,0x00000000eb300000)
  to   space 512K, 0% used [0x00000000eb500000,0x00000000eb500000,0x00000000eb580000)
 ParOldGen       total 413184K, used 412777K [0x00000000c0000000, 0x00000000d9380000, 0x00000000eab00000)
  object space 413184K, 99% used [0x00000000c0000000,0x00000000d931a710,0x00000000d9380000)
 Metaspace       used 69358K, committed 70784K, reserved 1114112K
  class space    used 7274K, committed 7872K, reserved 1048576K
}
Event: 84.733 GC heap after
{Heap after GC invocations=297 (full 3):
 PSYoungGen      total 5632K, used 160K [0x00000000eab00000, 0x00000000eb580000, 0x0000000100000000)
  eden space 5120K, 0% used [0x00000000eab00000,0x00000000eab00000,0x00000000eb000000)
  from space 512K, 31% used [0x00000000eb500000,0x00000000eb528000,0x00000000eb580000)
  to   space 512K, 0% used [0x00000000eb480000,0x00000000eb480000,0x00000000eb500000)
 ParOldGen       total 413184K, used 412817K [0x00000000c0000000, 0x00000000d9380000, 0x00000000eab00000)
  object space 413184K, 99% used [0x00000000c0000000,0x00000000d9324710,0x00000000d9380000)
 Metaspace       used 69358K, committed 70784K, reserved 1114112K
  class space    used 7274K, committed 7872K, reserved 1048576K
}
Event: 84.843 GC heap before
{Heap before GC invocations=298 (full 3):
 PSYoungGen      total 5632K, used 5280K [0x00000000eab00000, 0x00000000eb580000, 0x0000000100000000)
  eden space 5120K, 100% used [0x00000000eab00000,0x00000000eb000000,0x00000000eb000000)
  from space 512K, 31% used [0x00000000eb500000,0x00000000eb528000,0x00000000eb580000)
  to   space 512K, 0% used [0x00000000eb480000,0x00000000eb480000,0x00000000eb500000)
 ParOldGen       total 413184K, used 412817K [0x00000000c0000000, 0x00000000d9380000, 0x00000000eab00000)
  object space 413184K, 99% used [0x00000000c0000000,0x00000000d9324710,0x00000000d9380000)
 Metaspace       used 69818K, committed 71296K, reserved 1114112K
  class space    used 7372K, committed 8000K, reserved 1048576K
}
Event: 84.848 GC heap after
{Heap after GC invocations=298 (full 3):
 PSYoungGen      total 5632K, used 128K [0x00000000eab00000, 0x00000000eb580000, 0x0000000100000000)
  eden space 5120K, 0% used [0x00000000eab00000,0x00000000eab00000,0x00000000eb000000)
  from space 512K, 25% used [0x00000000eb480000,0x00000000eb4a0000,0x00000000eb500000)
  to   space 512K, 0% used [0x00000000eb500000,0x00000000eb500000,0x00000000eb580000)
 ParOldGen       total 413184K, used 412921K [0x00000000c0000000, 0x00000000d9380000, 0x00000000eab00000)
  object space 413184K, 99% used [0x00000000c0000000,0x00000000d933e740,0x00000000d9380000)
 Metaspace       used 69818K, committed 71296K, reserved 1114112K
  class space    used 7372K, committed 8000K, reserved 1048576K
}
Event: 91.956 GC heap before
{Heap before GC invocations=299 (full 3):
 PSYoungGen      total 5632K, used 5221K [0x00000000eab00000, 0x00000000eb580000, 0x0000000100000000)
  eden space 5120K, 99% used [0x00000000eab00000,0x00000000eaff9660,0x00000000eb000000)
  from space 512K, 25% used [0x00000000eb480000,0x00000000eb4a0000,0x00000000eb500000)
  to   space 512K, 0% used [0x00000000eb500000,0x00000000eb500000,0x00000000eb580000)
 ParOldGen       total 413184K, used 412921K [0x00000000c0000000, 0x00000000d9380000, 0x00000000eab00000)
  object space 413184K, 99% used [0x00000000c0000000,0x00000000d933e740,0x00000000d9380000)
 Metaspace       used 70441K, committed 71936K, reserved 1114112K
  class space    used 7443K, committed 8064K, reserved 1048576K
}
Event: 91.961 GC heap after
{Heap after GC invocations=299 (full 3):
 PSYoungGen      total 5632K, used 229K [0x00000000eab00000, 0x00000000eb580000, 0x0000000100000000)
  eden space 5120K, 0% used [0x00000000eab00000,0x00000000eab00000,0x00000000eb000000)
  from space 512K, 44% used [0x00000000eb500000,0x00000000eb539448,0x00000000eb580000)
  to   space 512K, 0% used [0x00000000eb480000,0x00000000eb480000,0x00000000eb500000)
 ParOldGen       total 413184K, used 412993K [0x00000000c0000000, 0x00000000d9380000, 0x00000000eab00000)
  object space 413184K, 99% used [0x00000000c0000000,0x00000000d9350740,0x00000000d9380000)
 Metaspace       used 70441K, committed 71936K, reserved 1114112K
  class space    used 7443K, committed 8064K, reserved 1048576K
}

