# JRE version: OpenJDK Runtime Environment Temurin-21.0.6+7 (21.0.6+7) (build 21.0.6+7-LTS)
# Java VM: OpenJDK 64-Bit Server VM Temurin-21.0.6+7 (21.0.6+7-LTS, mixed mode, sharing, tiered, compressed oops, compressed class ptrs, parallel gc, windows-amd64)
GC Precious Log:
 CardTable entry size: 512
 CPUs: 2 total, 2 available
 Memory: 3916M
 Large Page Support: Disabled
 NUMA Support: Disabled
 Compressed Oops: Enabled (32-bit)
 Alignments: Space 512K, Generation 512K, Heap 2M
 Heap Min Capacity: 100M
 Heap Initial Capacity: 100M
 Heap Max Capacity: 1G
 Pre-touch: Disabled
 Parallel Workers: 2
Heap:
 PSYoungGen      total 4096K, used 3077K [0x00000000eab00000, 0x00000000eb100000, 0x0000000100000000)
  eden space 3584K, 84% used [0x00000000eab00000,0x00000000eadf17d8,0x00000000eae80000)
  from space 512K, 12% used [0x00000000eb080000,0x00000000eb090000,0x00000000eb100000)
  to   space 512K, 0% used [0x00000000eb000000,0x00000000eb000000,0x00000000eb080000)
 ParOldGen       total 409600K, used 193752K [0x00000000c0000000, 0x00000000d9000000, 0x00000000eab00000)
  object space 409600K, 47% used [0x00000000c0000000,0x00000000cbd36320,0x00000000d9000000)
 Metaspace       used 62672K, committed 64192K, reserved 1114112K
  class space    used 6550K, committed 7168K, reserved 1048576K
GC Heap History (20 events):
Event: 90.725 GC heap before
{Heap before GC invocations=355 (full 3):
 PSYoungGen      total 5632K, used 5504K [0x00000000eab00000, 0x00000000eb480000, 0x0000000100000000)
  eden space 5120K, 100% used [0x00000000eab00000,0x00000000eb000000,0x00000000eb000000)
  from space 512K, 75% used [0x00000000eb000000,0x00000000eb060000,0x00000000eb080000)
  to   space 1536K, 0% used [0x00000000eb300000,0x00000000eb300000,0x00000000eb480000)
 ParOldGen       total 409600K, used 181454K [0x00000000c0000000, 0x00000000d9000000, 0x00000000eab00000)
  object space 409600K, 44% used [0x00000000c0000000,0x00000000cb133970,0x00000000d9000000)
 Metaspace       used 60665K, committed 62144K, reserved 1114112K
  class space    used 6329K, committed 6976K, reserved 1048576K
}
Event: 90.733 GC heap after
{Heap after GC invocations=355 (full 3):
 PSYoungGen      total 5120K, used 1529K [0x00000000eab00000, 0x00000000eb900000, 0x0000000100000000)
  eden space 3584K, 0% used [0x00000000eab00000,0x00000000eab00000,0x00000000eae80000)
  from space 1536K, 99% used [0x00000000eb300000,0x00000000eb47e720,0x00000000eb480000)
  to   space 4608K, 0% used [0x00000000eae80000,0x00000000eae80000,0x00000000eb300000)
 ParOldGen       total 409600K, used 183790K [0x00000000c0000000, 0x00000000d9000000, 0x00000000eab00000)
  object space 409600K, 44% used [0x00000000c0000000,0x00000000cb37b970,0x00000000d9000000)
 Metaspace       used 60665K, committed 62144K, reserved 1114112K
  class space    used 6329K, committed 6976K, reserved 1048576K
}
Event: 91.116 GC heap before
{Heap before GC invocations=356 (full 3):
 PSYoungGen      total 5120K, used 5113K [0x00000000eab00000, 0x00000000eb900000, 0x0000000100000000)
  eden space 3584K, 99% used [0x00000000eab00000,0x00000000eae7ffe8,0x00000000eae80000)
  from space 1536K, 99% used [0x00000000eb300000,0x00000000eb47e720,0x00000000eb480000)
  to   space 4608K, 0% used [0x00000000eae80000,0x00000000eae80000,0x00000000eb300000)
 ParOldGen       total 409600K, used 183790K [0x00000000c0000000, 0x00000000d9000000, 0x00000000eab00000)
  object space 409600K, 44% used [0x00000000c0000000,0x00000000cb37b970,0x00000000d9000000)
 Metaspace       used 60890K, committed 62272K, reserved 1114112K
  class space    used 6349K, committed 6976K, reserved 1048576K
}
Event: 91.122 GC heap after
{Heap after GC invocations=356 (full 3):
 PSYoungGen      total 4096K, used 508K [0x00000000eab00000, 0x00000000eb380000, 0x0000000100000000)
  eden space 3584K, 0% used [0x00000000eab00000,0x00000000eab00000,0x00000000eae80000)
  from space 512K, 99% used [0x00000000eae80000,0x00000000eaeff200,0x00000000eaf00000)
  to   space 2048K, 0% used [0x00000000eb180000,0x00000000eb180000,0x00000000eb380000)
 ParOldGen       total 409600K, used 185192K [0x00000000c0000000, 0x00000000d9000000, 0x00000000eab00000)
  object space 409600K, 45% used [0x00000000c0000000,0x00000000cb4da170,0x00000000d9000000)
 Metaspace       used 60890K, committed 62272K, reserved 1114112K
  class space    used 6349K, committed 6976K, reserved 1048576K
}
Event: 91.712 GC heap before
{Heap before GC invocations=357 (full 3):
 PSYoungGen      total 4096K, used 4090K [0x00000000eab00000, 0x00000000eb380000, 0x0000000100000000)
  eden space 3584K, 99% used [0x00000000eab00000,0x00000000eae7f6c8,0x00000000eae80000)
  from space 512K, 99% used [0x00000000eae80000,0x00000000eaeff200,0x00000000eaf00000)
  to   space 2048K, 0% used [0x00000000eb180000,0x00000000eb180000,0x00000000eb380000)
 ParOldGen       total 409600K, used 185192K [0x00000000c0000000, 0x00000000d9000000, 0x00000000eab00000)
  object space 409600K, 45% used [0x00000000c0000000,0x00000000cb4da170,0x00000000d9000000)
 Metaspace       used 61323K, committed 62784K, reserved 1114112K
  class space    used 6394K, committed 7040K, reserved 1048576K
}
Event: 91.717 GC heap after
{Heap after GC invocations=357 (full 3):
 PSYoungGen      total 4096K, used 295K [0x00000000eab00000, 0x00000000eb200000, 0x0000000100000000)
  eden space 3584K, 0% used [0x00000000eab00000,0x00000000eab00000,0x00000000eae80000)
  from space 512K, 57% used [0x00000000eb180000,0x00000000eb1c9e90,0x00000000eb200000)
  to   space 1024K, 0% used [0x00000000eb000000,0x00000000eb000000,0x00000000eb100000)
 ParOldGen       total 409600K, used 185490K [0x00000000c0000000, 0x00000000d9000000, 0x00000000eab00000)
  object space 409600K, 45% used [0x00000000c0000000,0x00000000cb5249b0,0x00000000d9000000)
 Metaspace       used 61323K, committed 62784K, reserved 1114112K
  class space    used 6394K, committed 7040K, reserved 1048576K
}
Event: 92.251 GC heap before
{Heap before GC invocations=358 (full 3):
 PSYoungGen      total 4096K, used 3875K [0x00000000eab00000, 0x00000000eb200000, 0x0000000100000000)
  eden space 3584K, 99% used [0x00000000eab00000,0x00000000eae7f000,0x00000000eae80000)
  from space 512K, 57% used [0x00000000eb180000,0x00000000eb1c9e90,0x00000000eb200000)
  to   space 1024K, 0% used [0x00000000eb000000,0x00000000eb000000,0x00000000eb100000)
 ParOldGen       total 409600K, used 185490K [0x00000000c0000000, 0x00000000d9000000, 0x00000000eab00000)
  object space 409600K, 45% used [0x00000000c0000000,0x00000000cb5249b0,0x00000000d9000000)
 Metaspace       used 61487K, committed 63040K, reserved 1114112K
  class space    used 6420K, committed 7104K, reserved 1048576K
}
Event: 92.263 GC heap after
{Heap after GC invocations=358 (full 3):
 PSYoungGen      total 4608K, used 944K [0x00000000eab00000, 0x00000000eb200000, 0x0000000100000000)
  eden space 3584K, 0% used [0x00000000eab00000,0x00000000eab00000,0x00000000eae80000)
  from space 1024K, 92% used [0x00000000eb000000,0x00000000eb0ec030,0x00000000eb100000)
  to   space 1024K, 0% used [0x00000000eb100000,0x00000000eb100000,0x00000000eb200000)
 ParOldGen       total 409600K, used 185726K [0x00000000c0000000, 0x00000000d9000000, 0x00000000eab00000)
  object space 409600K, 45% used [0x00000000c0000000,0x00000000cb55f950,0x00000000d9000000)
 Metaspace       used 61487K, committed 63040K, reserved 1114112K
  class space    used 6420K, committed 7104K, reserved 1048576K
}
Event: 92.496 GC heap before
{Heap before GC invocations=359 (full 3):
 PSYoungGen      total 4608K, used 4527K [0x00000000eab00000, 0x00000000eb200000, 0x0000000100000000)
  eden space 3584K, 99% used [0x00000000eab00000,0x00000000eae7fc98,0x00000000eae80000)
  from space 1024K, 92% used [0x00000000eb000000,0x00000000eb0ec030,0x00000000eb100000)
  to   space 1024K, 0% used [0x00000000eb100000,0x00000000eb100000,0x00000000eb200000)
 ParOldGen       total 409600K, used 185726K [0x00000000c0000000, 0x00000000d9000000, 0x00000000eab00000)
  object space 409600K, 45% used [0x00000000c0000000,0x00000000cb55f950,0x00000000d9000000)
 Metaspace       used 61654K, committed 63104K, reserved 1114112K
  class space    used 6437K, committed 7104K, reserved 1048576K
}
Event: 92.507 GC heap after
{Heap after GC invocations=359 (full 3):
 PSYoungGen      total 4096K, used 439K [0x00000000eab00000, 0x00000000eb180000, 0x0000000100000000)
  eden space 3584K, 0% used [0x00000000eab00000,0x00000000eab00000,0x00000000eae80000)
  from space 512K, 85% used [0x00000000eb100000,0x00000000eb16dd88,0x00000000eb180000)
  to   space 1024K, 0% used [0x00000000eaf80000,0x00000000eaf80000,0x00000000eb080000)
 ParOldGen       total 409600K, used 187799K [0x00000000c0000000, 0x00000000d9000000, 0x00000000eab00000)
  object space 409600K, 45% used [0x00000000c0000000,0x00000000cb765e80,0x00000000d9000000)
 Metaspace       used 61654K, committed 63104K, reserved 1114112K
  class space    used 6437K, committed 7104K, reserved 1048576K
}
Event: 92.805 GC heap before
{Heap before GC invocations=360 (full 3):
 PSYoungGen      total 4096K, used 4023K [0x00000000eab00000, 0x00000000eb180000, 0x0000000100000000)
  eden space 3584K, 100% used [0x00000000eab00000,0x00000000eae80000,0x00000000eae80000)
  from space 512K, 85% used [0x00000000eb100000,0x00000000eb16dd88,0x00000000eb180000)
  to   space 1024K, 0% used [0x00000000eaf80000,0x00000000eaf80000,0x00000000eb080000)
 ParOldGen       total 409600K, used 187799K [0x00000000c0000000, 0x00000000d9000000, 0x00000000eab00000)
  object space 409600K, 45% used [0x00000000c0000000,0x00000000cb765e80,0x00000000d9000000)
 Metaspace       used 61931K, committed 63424K, reserved 1114112K
  class space    used 6473K, committed 7104K, reserved 1048576K
}
Event: 92.811 GC heap after
{Heap after GC invocations=360 (full 3):
 PSYoungGen      total 4608K, used 224K [0x00000000eab00000, 0x00000000eb180000, 0x0000000100000000)
  eden space 3584K, 0% used [0x00000000eab00000,0x00000000eab00000,0x00000000eae80000)
  from space 1024K, 21% used [0x00000000eaf80000,0x00000000eafb8000,0x00000000eb080000)
  to   space 512K, 0% used [0x00000000eb100000,0x00000000eb100000,0x00000000eb180000)
 ParOldGen       total 409600K, used 188167K [0x00000000c0000000, 0x00000000d9000000, 0x00000000eab00000)
  object space 409600K, 45% used [0x00000000c0000000,0x00000000cb7c1c08,0x00000000d9000000)
 Metaspace       used 61931K, committed 63424K, reserved 1114112K
  class space    used 6473K, committed 7104K, reserved 1048576K
}
Event: 92.970 GC heap before
{Heap before GC invocations=361 (full 3):
 PSYoungGen      total 4608K, used 3807K [0x00000000eab00000, 0x00000000eb180000, 0x0000000100000000)
  eden space 3584K, 99% used [0x00000000eab00000,0x00000000eae7fff8,0x00000000eae80000)
  from space 1024K, 21% used [0x00000000eaf80000,0x00000000eafb8000,0x00000000eb080000)
  to   space 512K, 0% used [0x00000000eb100000,0x00000000eb100000,0x00000000eb180000)
 ParOldGen       total 409600K, used 188167K [0x00000000c0000000, 0x00000000d9000000, 0x00000000eab00000)
  object space 409600K, 45% used [0x00000000c0000000,0x00000000cb7c1c08,0x00000000d9000000)
 Metaspace       used 61993K, committed 63552K, reserved 1114112K
  class space    used 6486K, committed 7168K, reserved 1048576K
}
Event: 92.980 GC heap after
{Heap after GC invocations=361 (full 3):
 PSYoungGen      total 4096K, used 512K [0x00000000eab00000, 0x00000000eb180000, 0x0000000100000000)
  eden space 3584K, 0% used [0x00000000eab00000,0x00000000eab00000,0x00000000eae80000)
  from space 512K, 100% used [0x00000000eb100000,0x00000000eb180000,0x00000000eb180000)
  to   space 1024K, 0% used [0x00000000eaf80000,0x00000000eaf80000,0x00000000eb080000)
 ParOldGen       total 409600K, used 188527K [0x00000000c0000000, 0x00000000d9000000, 0x00000000eab00000)
  object space 409600K, 46% used [0x00000000c0000000,0x00000000cb81bc08,0x00000000d9000000)
 Metaspace       used 61993K, committed 63552K, reserved 1114112K
  class space    used 6486K, committed 7168K, reserved 1048576K
}
Event: 93.775 GC heap before
{Heap before GC invocations=362 (full 3):
 PSYoungGen      total 4096K, used 4096K [0x00000000eab00000, 0x00000000eb180000, 0x0000000100000000)
  eden space 3584K, 100% used [0x00000000eab00000,0x00000000eae80000,0x00000000eae80000)
  from space 512K, 100% used [0x00000000eb100000,0x00000000eb180000,0x00000000eb180000)
  to   space 1024K, 0% used [0x00000000eaf80000,0x00000000eaf80000,0x00000000eb080000)
 ParOldGen       total 409600K, used 188527K [0x00000000c0000000, 0x00000000d9000000, 0x00000000eab00000)
  object space 409600K, 46% used [0x00000000c0000000,0x00000000cb81bc08,0x00000000d9000000)
 Metaspace       used 62118K, committed 63680K, reserved 1114112K
  class space    used 6496K, committed 7168K, reserved 1048576K
}
Event: 93.780 GC heap after
{Heap after GC invocations=362 (full 3):
 PSYoungGen      total 4608K, used 672K [0x00000000eab00000, 0x00000000eb180000, 0x0000000100000000)
  eden space 3584K, 0% used [0x00000000eab00000,0x00000000eab00000,0x00000000eae80000)
  from space 1024K, 65% used [0x00000000eaf80000,0x00000000eb028000,0x00000000eb080000)
  to   space 1024K, 0% used [0x00000000eb080000,0x00000000eb080000,0x00000000eb180000)
 ParOldGen       total 409600K, used 188975K [0x00000000c0000000, 0x00000000d9000000, 0x00000000eab00000)
  object space 409600K, 46% used [0x00000000c0000000,0x00000000cb88bc08,0x00000000d9000000)
 Metaspace       used 62118K, committed 63680K, reserved 1114112K
  class space    used 6496K, committed 7168K, reserved 1048576K
}
Event: 94.134 GC heap before
{Heap before GC invocations=363 (full 3):
 PSYoungGen      total 4608K, used 4256K [0x00000000eab00000, 0x00000000eb180000, 0x0000000100000000)
  eden space 3584K, 100% used [0x00000000eab00000,0x00000000eae80000,0x00000000eae80000)
  from space 1024K, 65% used [0x00000000eaf80000,0x00000000eb028000,0x00000000eb080000)
  to   space 1024K, 0% used [0x00000000eb080000,0x00000000eb080000,0x00000000eb180000)
 ParOldGen       total 409600K, used 188975K [0x00000000c0000000, 0x00000000d9000000, 0x00000000eab00000)
  object space 409600K, 46% used [0x00000000c0000000,0x00000000cb88bc08,0x00000000d9000000)
 Metaspace       used 62242K, committed 63808K, reserved 1114112K
  class space    used 6507K, committed 7168K, reserved 1048576K
}
Event: 94.142 GC heap after
{Heap after GC invocations=363 (full 3):
 PSYoungGen      total 4096K, used 464K [0x00000000eab00000, 0x00000000eb100000, 0x0000000100000000)
  eden space 3584K, 0% used [0x00000000eab00000,0x00000000eab00000,0x00000000eae80000)
  from space 512K, 90% used [0x00000000eb080000,0x00000000eb0f4010,0x00000000eb100000)
  to   space 1024K, 0% used [0x00000000eaf00000,0x00000000eaf00000,0x00000000eb000000)
 ParOldGen       total 409600K, used 189639K [0x00000000c0000000, 0x00000000d9000000, 0x00000000eab00000)
  object space 409600K, 46% used [0x00000000c0000000,0x00000000cb931de0,0x00000000d9000000)
 Metaspace       used 62242K, committed 63808K, reserved 1114112K
  class space    used 6507K, committed 7168K, reserved 1048576K
}
Event: 94.557 GC heap before
{Heap before GC invocations=364 (full 3):
 PSYoungGen      total 4096K, used 4048K [0x00000000eab00000, 0x00000000eb100000, 0x0000000100000000)
  eden space 3584K, 100% used [0x00000000eab00000,0x00000000eae80000,0x00000000eae80000)
  from space 512K, 90% used [0x00000000eb080000,0x00000000eb0f4010,0x00000000eb100000)
  to   space 1024K, 0% used [0x00000000eaf00000,0x00000000eaf00000,0x00000000eb000000)
 ParOldGen       total 409600K, used 189639K [0x00000000c0000000, 0x00000000d9000000, 0x00000000eab00000)
  object space 409600K, 46% used [0x00000000c0000000,0x00000000cb931de0,0x00000000d9000000)
 Metaspace       used 62623K, committed 64128K, reserved 1114112K
  class space    used 6544K, committed 7168K, reserved 1048576K
}
Event: 94.562 GC heap after
{Heap after GC invocations=364 (full 3):
 PSYoungGen      total 4608K, used 160K [0x00000000eab00000, 0x00000000eb100000, 0x0000000100000000)
  eden space 3584K, 0% used [0x00000000eab00000,0x00000000eab00000,0x00000000eae80000)
  from space 1024K, 15% used [0x00000000eaf00000,0x00000000eaf28000,0x00000000eb000000)
  to   space 512K, 0% used [0x00000000eb080000,0x00000000eb080000,0x00000000eb100000)
 ParOldGen       total 409600K, used 191353K [0x00000000c0000000, 0x00000000d9000000, 0x00000000eab00000)
  object space 409600K, 46% used [0x00000000c0000000,0x00000000cbade560,0x00000000d9000000)
 Metaspace       used 62623K, committed 64128K, reserved 1114112K
  class space    used 6544K, committed 7168K, reserved 1048576K
}

